This is pdfTeX, Version 3.141592653-2.6-1.40.22 (TeX Live 2021/W32TeX) (preloaded format=pdflatex 2021.5.2)  4 AUG 2021 12:49
entering extended mode
 restricted \write18 enabled.
 %&-line parsing enabled.
**RJwrapper.tex
(./RJwrapper.tex
LaTeX2e <2020-10-01> patch level 4
L3 programming layer <2021-02-18>
(c:/Users/Brandon/AppData/Roaming/TinyTeX/texmf-dist/tex/latex/base/report.cls
Document Class: report 2020/04/10 v1.4m Standard LaTeX document class
(c:/Users/Brandon/AppData/Roaming/TinyTeX/texmf-dist/tex/latex/base/size10.clo
File: size10.clo 2020/04/10 v1.4m Standard LaTeX file (size option)
)
\c@part=\count179
\c@chapter=\count180
\c@section=\count181
\c@subsection=\count182
\c@subsubsection=\count183
\c@paragraph=\count184
\c@subparagraph=\count185
\c@figure=\count186
\c@table=\count187
\abovecaptionskip=\skip47
\belowcaptionskip=\skip48
\bibindent=\dimen138
)
(c:/Users/Brandon/AppData/Roaming/TinyTeX/texmf-dist/tex/latex/base/inputenc.st
y
Package: inputenc 2020/08/01 v1.3d Input encoding file
\inpenc@prehook=\toks15
\inpenc@posthook=\toks16
)
(c:/Users/Brandon/AppData/Roaming/TinyTeX/texmf-dist/tex/latex/base/fontenc.sty
Package: fontenc 2020/08/10 v2.0s Standard LaTeX package
) (./RJournal.sty
Package: RJournal 2013/08/27 v0.13 RJournal package

(c:/Users/Brandon/AppData/Roaming/TinyTeX/texmf-dist/tex/latex/pgf/frontendlaye
r/tikz.sty
(c:/Users/Brandon/AppData/Roaming/TinyTeX/texmf-dist/tex/latex/pgf/basiclayer/p
gf.sty
(c:/Users/Brandon/AppData/Roaming/TinyTeX/texmf-dist/tex/latex/pgf/utilities/pg
frcs.sty
(c:/Users/Brandon/AppData/Roaming/TinyTeX/texmf-dist/tex/generic/pgf/utilities/
pgfutil-common.tex
\pgfutil@everybye=\toks17
\pgfutil@tempdima=\dimen139
\pgfutil@tempdimb=\dimen140

(c:/Users/Brandon/AppData/Roaming/TinyTeX/texmf-dist/tex/generic/pgf/utilities/
pgfutil-common-lists.tex))
(c:/Users/Brandon/AppData/Roaming/TinyTeX/texmf-dist/tex/generic/pgf/utilities/
pgfutil-latex.def
\pgfutil@abb=\box47
)
(c:/Users/Brandon/AppData/Roaming/TinyTeX/texmf-dist/tex/generic/pgf/utilities/
pgfrcs.code.tex
(c:/Users/Brandon/AppData/Roaming/TinyTeX/texmf-dist/tex/generic/pgf/pgf.revisi
on.tex)
Package: pgfrcs 2020/12/27 v3.1.8b (3.1.8b)
))
Package: pgf 2020/12/27 v3.1.8b (3.1.8b)

(c:/Users/Brandon/AppData/Roaming/TinyTeX/texmf-dist/tex/latex/pgf/basiclayer/p
gfcore.sty
(c:/Users/Brandon/AppData/Roaming/TinyTeX/texmf-dist/tex/latex/graphics/graphic
x.sty
Package: graphicx 2020/09/09 v1.2b Enhanced LaTeX Graphics (DPC,SPQR)

(c:/Users/Brandon/AppData/Roaming/TinyTeX/texmf-dist/tex/latex/graphics/keyval.
sty
Package: keyval 2014/10/28 v1.15 key=value parser (DPC)
\KV@toks@=\toks18
)
(c:/Users/Brandon/AppData/Roaming/TinyTeX/texmf-dist/tex/latex/graphics/graphic
s.sty
Package: graphics 2020/08/30 v1.4c Standard LaTeX Graphics (DPC,SPQR)

(c:/Users/Brandon/AppData/Roaming/TinyTeX/texmf-dist/tex/latex/graphics/trig.st
y
Package: trig 2016/01/03 v1.10 sin cos tan (DPC)
)
(c:/Users/Brandon/AppData/Roaming/TinyTeX/texmf-dist/tex/latex/graphics-cfg/gra
phics.cfg
File: graphics.cfg 2016/06/04 v1.11 sample graphics configuration
)
Package graphics Info: Driver file: pdftex.def on input line 105.

(c:/Users/Brandon/AppData/Roaming/TinyTeX/texmf-dist/tex/latex/graphics-def/pdf
tex.def
File: pdftex.def 2020/10/05 v1.2a Graphics/color driver for pdftex
))
\Gin@req@height=\dimen141
\Gin@req@width=\dimen142
)
(c:/Users/Brandon/AppData/Roaming/TinyTeX/texmf-dist/tex/latex/pgf/systemlayer/
pgfsys.sty
(c:/Users/Brandon/AppData/Roaming/TinyTeX/texmf-dist/tex/generic/pgf/systemlaye
r/pgfsys.code.tex
Package: pgfsys 2020/12/27 v3.1.8b (3.1.8b)

(c:/Users/Brandon/AppData/Roaming/TinyTeX/texmf-dist/tex/generic/pgf/utilities/
pgfkeys.code.tex
\pgfkeys@pathtoks=\toks19
\pgfkeys@temptoks=\toks20

(c:/Users/Brandon/AppData/Roaming/TinyTeX/texmf-dist/tex/generic/pgf/utilities/
pgfkeysfiltered.code.tex
\pgfkeys@tmptoks=\toks21
))
\pgf@x=\dimen143
\pgf@y=\dimen144
\pgf@xa=\dimen145
\pgf@ya=\dimen146
\pgf@xb=\dimen147
\pgf@yb=\dimen148
\pgf@xc=\dimen149
\pgf@yc=\dimen150
\pgf@xd=\dimen151
\pgf@yd=\dimen152
\w@pgf@writea=\write3
\r@pgf@reada=\read2
\c@pgf@counta=\count188
\c@pgf@countb=\count189
\c@pgf@countc=\count190
\c@pgf@countd=\count191
\t@pgf@toka=\toks22
\t@pgf@tokb=\toks23
\t@pgf@tokc=\toks24
\pgf@sys@id@count=\count192

(c:/Users/Brandon/AppData/Roaming/TinyTeX/texmf-dist/tex/generic/pgf/systemlaye
r/pgf.cfg
File: pgf.cfg 2020/12/27 v3.1.8b (3.1.8b)
)
Driver file for pgf: pgfsys-pdftex.def

(c:/Users/Brandon/AppData/Roaming/TinyTeX/texmf-dist/tex/generic/pgf/systemlaye
r/pgfsys-pdftex.def
File: pgfsys-pdftex.def 2020/12/27 v3.1.8b (3.1.8b)

(c:/Users/Brandon/AppData/Roaming/TinyTeX/texmf-dist/tex/generic/pgf/systemlaye
r/pgfsys-common-pdf.def
File: pgfsys-common-pdf.def 2020/12/27 v3.1.8b (3.1.8b)
)))
(c:/Users/Brandon/AppData/Roaming/TinyTeX/texmf-dist/tex/generic/pgf/systemlaye
r/pgfsyssoftpath.code.tex
File: pgfsyssoftpath.code.tex 2020/12/27 v3.1.8b (3.1.8b)
\pgfsyssoftpath@smallbuffer@items=\count193
\pgfsyssoftpath@bigbuffer@items=\count194
)
(c:/Users/Brandon/AppData/Roaming/TinyTeX/texmf-dist/tex/generic/pgf/systemlaye
r/pgfsysprotocol.code.tex
File: pgfsysprotocol.code.tex 2020/12/27 v3.1.8b (3.1.8b)
))
(c:/Users/Brandon/AppData/Roaming/TinyTeX/texmf-dist/tex/latex/xcolor/xcolor.st
y
Package: xcolor 2016/05/11 v2.12 LaTeX color extensions (UK)

(c:/Users/Brandon/AppData/Roaming/TinyTeX/texmf-dist/tex/latex/graphics-cfg/col
or.cfg
File: color.cfg 2016/01/02 v1.6 sample color configuration
)
Package xcolor Info: Driver file: pdftex.def on input line 225.
Package xcolor Info: Model `cmy' substituted by `cmy0' on input line 1348.
Package xcolor Info: Model `hsb' substituted by `rgb' on input line 1352.
Package xcolor Info: Model `RGB' extended on input line 1364.
Package xcolor Info: Model `HTML' substituted by `rgb' on input line 1366.
Package xcolor Info: Model `Hsb' substituted by `hsb' on input line 1367.
Package xcolor Info: Model `tHsb' substituted by `hsb' on input line 1368.
Package xcolor Info: Model `HSB' substituted by `hsb' on input line 1369.
Package xcolor Info: Model `Gray' substituted by `gray' on input line 1370.
Package xcolor Info: Model `wave' substituted by `hsb' on input line 1371.
)
(c:/Users/Brandon/AppData/Roaming/TinyTeX/texmf-dist/tex/generic/pgf/basiclayer
/pgfcore.code.tex
Package: pgfcore 2020/12/27 v3.1.8b (3.1.8b)

(c:/Users/Brandon/AppData/Roaming/TinyTeX/texmf-dist/tex/generic/pgf/math/pgfma
th.code.tex
(c:/Users/Brandon/AppData/Roaming/TinyTeX/texmf-dist/tex/generic/pgf/math/pgfma
thcalc.code.tex
(c:/Users/Brandon/AppData/Roaming/TinyTeX/texmf-dist/tex/generic/pgf/math/pgfma
thutil.code.tex)
(c:/Users/Brandon/AppData/Roaming/TinyTeX/texmf-dist/tex/generic/pgf/math/pgfma
thparser.code.tex
\pgfmath@dimen=\dimen153
\pgfmath@count=\count195
\pgfmath@box=\box48
\pgfmath@toks=\toks25
\pgfmath@stack@operand=\toks26
\pgfmath@stack@operation=\toks27
)
(c:/Users/Brandon/AppData/Roaming/TinyTeX/texmf-dist/tex/generic/pgf/math/pgfma
thfunctions.code.tex
(c:/Users/Brandon/AppData/Roaming/TinyTeX/texmf-dist/tex/generic/pgf/math/pgfma
thfunctions.basic.code.tex)
(c:/Users/Brandon/AppData/Roaming/TinyTeX/texmf-dist/tex/generic/pgf/math/pgfma
thfunctions.trigonometric.code.tex)
(c:/Users/Brandon/AppData/Roaming/TinyTeX/texmf-dist/tex/generic/pgf/math/pgfma
thfunctions.random.code.tex)
(c:/Users/Brandon/AppData/Roaming/TinyTeX/texmf-dist/tex/generic/pgf/math/pgfma
thfunctions.comparison.code.tex)
(c:/Users/Brandon/AppData/Roaming/TinyTeX/texmf-dist/tex/generic/pgf/math/pgfma
thfunctions.base.code.tex)
(c:/Users/Brandon/AppData/Roaming/TinyTeX/texmf-dist/tex/generic/pgf/math/pgfma
thfunctions.round.code.tex)
(c:/Users/Brandon/AppData/Roaming/TinyTeX/texmf-dist/tex/generic/pgf/math/pgfma
thfunctions.misc.code.tex)
(c:/Users/Brandon/AppData/Roaming/TinyTeX/texmf-dist/tex/generic/pgf/math/pgfma
thfunctions.integerarithmetics.code.tex)))
(c:/Users/Brandon/AppData/Roaming/TinyTeX/texmf-dist/tex/generic/pgf/math/pgfma
thfloat.code.tex
\c@pgfmathroundto@lastzeros=\count196
))
(c:/Users/Brandon/AppData/Roaming/TinyTeX/texmf-dist/tex/generic/pgf/math/pgfin
t.code.tex)
(c:/Users/Brandon/AppData/Roaming/TinyTeX/texmf-dist/tex/generic/pgf/basiclayer
/pgfcorepoints.code.tex
File: pgfcorepoints.code.tex 2020/12/27 v3.1.8b (3.1.8b)
\pgf@picminx=\dimen154
\pgf@picmaxx=\dimen155
\pgf@picminy=\dimen156
\pgf@picmaxy=\dimen157
\pgf@pathminx=\dimen158
\pgf@pathmaxx=\dimen159
\pgf@pathminy=\dimen160
\pgf@pathmaxy=\dimen161
\pgf@xx=\dimen162
\pgf@xy=\dimen163
\pgf@yx=\dimen164
\pgf@yy=\dimen165
\pgf@zx=\dimen166
\pgf@zy=\dimen167
)
(c:/Users/Brandon/AppData/Roaming/TinyTeX/texmf-dist/tex/generic/pgf/basiclayer
/pgfcorepathconstruct.code.tex
File: pgfcorepathconstruct.code.tex 2020/12/27 v3.1.8b (3.1.8b)
\pgf@path@lastx=\dimen168
\pgf@path@lasty=\dimen169
)
(c:/Users/Brandon/AppData/Roaming/TinyTeX/texmf-dist/tex/generic/pgf/basiclayer
/pgfcorepathusage.code.tex
File: pgfcorepathusage.code.tex 2020/12/27 v3.1.8b (3.1.8b)
\pgf@shorten@end@additional=\dimen170
\pgf@shorten@start@additional=\dimen171
)
(c:/Users/Brandon/AppData/Roaming/TinyTeX/texmf-dist/tex/generic/pgf/basiclayer
/pgfcorescopes.code.tex
File: pgfcorescopes.code.tex 2020/12/27 v3.1.8b (3.1.8b)
\pgfpic=\box49
\pgf@hbox=\box50
\pgf@layerbox@main=\box51
\pgf@picture@serial@count=\count197
)
(c:/Users/Brandon/AppData/Roaming/TinyTeX/texmf-dist/tex/generic/pgf/basiclayer
/pgfcoregraphicstate.code.tex
File: pgfcoregraphicstate.code.tex 2020/12/27 v3.1.8b (3.1.8b)
\pgflinewidth=\dimen172
)
(c:/Users/Brandon/AppData/Roaming/TinyTeX/texmf-dist/tex/generic/pgf/basiclayer
/pgfcoretransformations.code.tex
File: pgfcoretransformations.code.tex 2020/12/27 v3.1.8b (3.1.8b)
\pgf@pt@x=\dimen173
\pgf@pt@y=\dimen174
\pgf@pt@temp=\dimen175
)
(c:/Users/Brandon/AppData/Roaming/TinyTeX/texmf-dist/tex/generic/pgf/basiclayer
/pgfcorequick.code.tex
File: pgfcorequick.code.tex 2020/12/27 v3.1.8b (3.1.8b)
)
(c:/Users/Brandon/AppData/Roaming/TinyTeX/texmf-dist/tex/generic/pgf/basiclayer
/pgfcoreobjects.code.tex
File: pgfcoreobjects.code.tex 2020/12/27 v3.1.8b (3.1.8b)
)
(c:/Users/Brandon/AppData/Roaming/TinyTeX/texmf-dist/tex/generic/pgf/basiclayer
/pgfcorepathprocessing.code.tex
File: pgfcorepathprocessing.code.tex 2020/12/27 v3.1.8b (3.1.8b)
)
(c:/Users/Brandon/AppData/Roaming/TinyTeX/texmf-dist/tex/generic/pgf/basiclayer
/pgfcorearrows.code.tex
File: pgfcorearrows.code.tex 2020/12/27 v3.1.8b (3.1.8b)
\pgfarrowsep=\dimen176
)
(c:/Users/Brandon/AppData/Roaming/TinyTeX/texmf-dist/tex/generic/pgf/basiclayer
/pgfcoreshade.code.tex
File: pgfcoreshade.code.tex 2020/12/27 v3.1.8b (3.1.8b)
\pgf@max=\dimen177
\pgf@sys@shading@range@num=\count198
\pgf@shadingcount=\count199
)
(c:/Users/Brandon/AppData/Roaming/TinyTeX/texmf-dist/tex/generic/pgf/basiclayer
/pgfcoreimage.code.tex
File: pgfcoreimage.code.tex 2020/12/27 v3.1.8b (3.1.8b)

(c:/Users/Brandon/AppData/Roaming/TinyTeX/texmf-dist/tex/generic/pgf/basiclayer
/pgfcoreexternal.code.tex
File: pgfcoreexternal.code.tex 2020/12/27 v3.1.8b (3.1.8b)
\pgfexternal@startupbox=\box52
))
(c:/Users/Brandon/AppData/Roaming/TinyTeX/texmf-dist/tex/generic/pgf/basiclayer
/pgfcorelayers.code.tex
File: pgfcorelayers.code.tex 2020/12/27 v3.1.8b (3.1.8b)
)
(c:/Users/Brandon/AppData/Roaming/TinyTeX/texmf-dist/tex/generic/pgf/basiclayer
/pgfcoretransparency.code.tex
File: pgfcoretransparency.code.tex 2020/12/27 v3.1.8b (3.1.8b)
)
(c:/Users/Brandon/AppData/Roaming/TinyTeX/texmf-dist/tex/generic/pgf/basiclayer
/pgfcorepatterns.code.tex
File: pgfcorepatterns.code.tex 2020/12/27 v3.1.8b (3.1.8b)
)
(c:/Users/Brandon/AppData/Roaming/TinyTeX/texmf-dist/tex/generic/pgf/basiclayer
/pgfcorerdf.code.tex
File: pgfcorerdf.code.tex 2020/12/27 v3.1.8b (3.1.8b)
)))
(c:/Users/Brandon/AppData/Roaming/TinyTeX/texmf-dist/tex/generic/pgf/modules/pg
fmoduleshapes.code.tex
File: pgfmoduleshapes.code.tex 2020/12/27 v3.1.8b (3.1.8b)
\pgfnodeparttextbox=\box53
)
(c:/Users/Brandon/AppData/Roaming/TinyTeX/texmf-dist/tex/generic/pgf/modules/pg
fmoduleplot.code.tex
File: pgfmoduleplot.code.tex 2020/12/27 v3.1.8b (3.1.8b)
)
(c:/Users/Brandon/AppData/Roaming/TinyTeX/texmf-dist/tex/latex/pgf/compatibilit
y/pgfcomp-version-0-65.sty
Package: pgfcomp-version-0-65 2020/12/27 v3.1.8b (3.1.8b)
\pgf@nodesepstart=\dimen178
\pgf@nodesepend=\dimen179
)
(c:/Users/Brandon/AppData/Roaming/TinyTeX/texmf-dist/tex/latex/pgf/compatibilit
y/pgfcomp-version-1-18.sty
Package: pgfcomp-version-1-18 2020/12/27 v3.1.8b (3.1.8b)
))
(c:/Users/Brandon/AppData/Roaming/TinyTeX/texmf-dist/tex/latex/pgf/utilities/pg
ffor.sty
(c:/Users/Brandon/AppData/Roaming/TinyTeX/texmf-dist/tex/latex/pgf/utilities/pg
fkeys.sty
(c:/Users/Brandon/AppData/Roaming/TinyTeX/texmf-dist/tex/generic/pgf/utilities/
pgfkeys.code.tex))
(c:/Users/Brandon/AppData/Roaming/TinyTeX/texmf-dist/tex/latex/pgf/math/pgfmath
.sty
(c:/Users/Brandon/AppData/Roaming/TinyTeX/texmf-dist/tex/generic/pgf/math/pgfma
th.code.tex))
(c:/Users/Brandon/AppData/Roaming/TinyTeX/texmf-dist/tex/generic/pgf/utilities/
pgffor.code.tex
Package: pgffor 2020/12/27 v3.1.8b (3.1.8b)

(c:/Users/Brandon/AppData/Roaming/TinyTeX/texmf-dist/tex/generic/pgf/math/pgfma
th.code.tex)
\pgffor@iter=\dimen180
\pgffor@skip=\dimen181
\pgffor@stack=\toks28
\pgffor@toks=\toks29
))
(c:/Users/Brandon/AppData/Roaming/TinyTeX/texmf-dist/tex/generic/pgf/frontendla
yer/tikz/tikz.code.tex
Package: tikz 2020/12/27 v3.1.8b (3.1.8b)

(c:/Users/Brandon/AppData/Roaming/TinyTeX/texmf-dist/tex/generic/pgf/libraries/
pgflibraryplothandlers.code.tex
File: pgflibraryplothandlers.code.tex 2020/12/27 v3.1.8b (3.1.8b)
\pgf@plot@mark@count=\count266
\pgfplotmarksize=\dimen182
)
\tikz@lastx=\dimen183
\tikz@lasty=\dimen184
\tikz@lastxsaved=\dimen185
\tikz@lastysaved=\dimen186
\tikz@lastmovetox=\dimen187
\tikz@lastmovetoy=\dimen188
\tikzleveldistance=\dimen189
\tikzsiblingdistance=\dimen190
\tikz@figbox=\box54
\tikz@figbox@bg=\box55
\tikz@tempbox=\box56
\tikz@tempbox@bg=\box57
\tikztreelevel=\count267
\tikznumberofchildren=\count268
\tikznumberofcurrentchild=\count269
\tikz@fig@count=\count270

(c:/Users/Brandon/AppData/Roaming/TinyTeX/texmf-dist/tex/generic/pgf/modules/pg
fmodulematrix.code.tex
File: pgfmodulematrix.code.tex 2020/12/27 v3.1.8b (3.1.8b)
\pgfmatrixcurrentrow=\count271
\pgfmatrixcurrentcolumn=\count272
\pgf@matrix@numberofcolumns=\count273
)
\tikz@expandcount=\count274

(c:/Users/Brandon/AppData/Roaming/TinyTeX/texmf-dist/tex/generic/pgf/frontendla
yer/tikz/libraries/tikzlibrarytopaths.code.tex
File: tikzlibrarytopaths.code.tex 2020/12/27 v3.1.8b (3.1.8b)
)))
(c:/Users/Brandon/AppData/Roaming/TinyTeX/texmf-dist/tex/latex/geometry/geometr
y.sty
Package: geometry 2020/01/02 v5.9 Page Geometry

(c:/Users/Brandon/AppData/Roaming/TinyTeX/texmf-dist/tex/generic/iftex/ifvtex.s
ty
Package: ifvtex 2019/10/25 v1.7 ifvtex legacy package. Use iftex instead.

(c:/Users/Brandon/AppData/Roaming/TinyTeX/texmf-dist/tex/generic/iftex/iftex.st
y
Package: iftex 2020/03/06 v1.0d TeX engine tests
))
\Gm@cnth=\count275
\Gm@cntv=\count276
\c@Gm@tempcnt=\count277
\Gm@bindingoffset=\dimen191
\Gm@wd@mp=\dimen192
\Gm@odd@mp=\dimen193
\Gm@even@mp=\dimen194
\Gm@layoutwidth=\dimen195
\Gm@layoutheight=\dimen196
\Gm@layouthoffset=\dimen197
\Gm@layoutvoffset=\dimen198
\Gm@dimlist=\toks30
)
(c:/Users/Brandon/AppData/Roaming/TinyTeX/texmf-dist/tex/latex/fancyhdr/fancyhd
r.sty
Package: fancyhdr 2021/01/28 v4.0.1 Extensive control of page headers and foote
rs
\f@nch@headwidth=\skip49
\f@nch@O@elh=\skip50
\f@nch@O@erh=\skip51
\f@nch@O@olh=\skip52
\f@nch@O@orh=\skip53
\f@nch@O@elf=\skip54
\f@nch@O@erf=\skip55
\f@nch@O@olf=\skip56
\f@nch@O@orf=\skip57
)
(c:/Users/Brandon/AppData/Roaming/TinyTeX/texmf-dist/tex/latex/microtype/microt
ype.sty
Package: microtype 2021/03/14 v2.8c Micro-typographical refinements (RS)
\MT@toks=\toks31
\MT@count=\count278
LaTeX Info: Redefining \textls on input line 790.
\MT@outer@kern=\dimen199
LaTeX Info: Redefining \textmicrotypecontext on input line 1374.
\MT@listname@count=\count279

(c:/Users/Brandon/AppData/Roaming/TinyTeX/texmf-dist/tex/latex/microtype/microt
ype-pdftex.def
File: microtype-pdftex.def 2021/03/14 v2.8c Definitions specific to pdftex (RS)

LaTeX Info: Redefining \lsstyle on input line 915.
LaTeX Info: Redefining \lslig on input line 915.
\MT@outer@space=\skip58
)
Package microtype Info: Loading configuration file microtype.cfg.

(c:/Users/Brandon/AppData/Roaming/TinyTeX/texmf-dist/tex/latex/microtype/microt
ype.cfg
File: microtype.cfg 2021/03/14 v2.8c microtype main configuration file (RS)
))
(c:/Users/Brandon/AppData/Roaming/TinyTeX/texmf-dist/tex/latex/psnfss/helvet.st
y
Package: helvet 2020/03/25 PSNFSS-v9.3 (WaS) 
)
(c:/Users/Brandon/AppData/Roaming/TinyTeX/texmf-dist/tex/latex/psnfss/palatino.
sty
Package: palatino 2020/03/25 PSNFSS-v9.3 (SPQR) 
)
(c:/Users/Brandon/AppData/Roaming/TinyTeX/texmf-dist/tex/latex/psnfss/mathpazo.
sty
Package: mathpazo 2020/03/25 PSNFSS-v9.3 Palatino w/ Pazo Math (D.Puga, WaS) 
\symupright=\mathgroup4
)
(c:/Users/Brandon/AppData/Roaming/TinyTeX/texmf-dist/tex/latex/inconsolata/inco
nsolata.sty
Package: inconsolata 2019/05/17 v1.12

`inconsolata-zi4' v1.12, 2019/05/17 Text macros for Inconsolata (msharpe)
(c:/Users/Brandon/AppData/Roaming/TinyTeX/texmf-dist/tex/latex/base/textcomp.st
y
Package: textcomp 2020/02/02 v2.0n Standard LaTeX package
)
(c:/Users/Brandon/AppData/Roaming/TinyTeX/texmf-dist/tex/latex/xkeyval/xkeyval.
sty
Package: xkeyval 2020/11/20 v2.8 package option processing (HA)

(c:/Users/Brandon/AppData/Roaming/TinyTeX/texmf-dist/tex/generic/xkeyval/xkeyva
l.tex
(c:/Users/Brandon/AppData/Roaming/TinyTeX/texmf-dist/tex/generic/xkeyval/xkvuti
ls.tex
\XKV@toks=\toks32
\XKV@tempa@toks=\toks33
)
\XKV@depth=\count280
File: xkeyval.tex 2014/12/03 v2.7a key=value parser (HA)
))
\zifour@ocount=\count281
)
(c:/Users/Brandon/AppData/Roaming/TinyTeX/texmf-dist/tex/latex/base/fontenc.sty
Package: fontenc 2020/08/10 v2.0s Standard LaTeX package
LaTeX Font Info:    Trying to load font information for T1+ppl on input line 11
2.
(c:/Users/Brandon/AppData/Roaming/TinyTeX/texmf-dist/tex/latex/psnfss/t1ppl.fd
File: t1ppl.fd 2001/06/04 font definitions for T1/ppl.
)
! Font T1/ppl/m/n/10=pplr8t at 10.0pt not loadable: Metric (TFM) file not found
.
<to be read again> 
                   relax 
l.112 ...\familydefault\seriesdefault\shapedefault
                                                  
I wasn't able to read the size data for this font,
so I will ignore the font specification.
[Wizards can fix TFM files using TFtoPL/PLtoTF.]
You might try inserting a different font spec;
e.g., type `I\font<same font id>=<substitute font name>'.

) (c:/Users/Brandon/AppData/Roaming/TinyTeX/texmf-dist/tex/latex/url/url.sty
\Urlmuskip=\muskip16
Package: url 2013/09/16  ver 3.4  Verb mode for urls, etc.
)
(c:/Users/Brandon/AppData/Roaming/TinyTeX/texmf-dist/tex/latex/hyperref/hyperre
f.sty
Package: hyperref 2021-02-27 v7.00k Hypertext links for LaTeX

(c:/Users/Brandon/AppData/Roaming/TinyTeX/texmf-dist/tex/generic/ltxcmds/ltxcmd
s.sty
Package: ltxcmds 2020-05-10 v1.25 LaTeX kernel commands for general use (HO)
)
(c:/Users/Brandon/AppData/Roaming/TinyTeX/texmf-dist/tex/generic/pdftexcmds/pdf
texcmds.sty
Package: pdftexcmds 2020-06-27 v0.33 Utility functions of pdfTeX for LuaTeX (HO
)

(c:/Users/Brandon/AppData/Roaming/TinyTeX/texmf-dist/tex/generic/infwarerr/infw
arerr.sty
Package: infwarerr 2019/12/03 v1.5 Providing info/warning/error messages (HO)
)
Package pdftexcmds Info: \pdf@primitive is available.
Package pdftexcmds Info: \pdf@ifprimitive is available.
Package pdftexcmds Info: \pdfdraftmode found.
)
(c:/Users/Brandon/AppData/Roaming/TinyTeX/texmf-dist/tex/generic/kvsetkeys/kvse
tkeys.sty
Package: kvsetkeys 2019/12/15 v1.18 Key value parser (HO)
)
(c:/Users/Brandon/AppData/Roaming/TinyTeX/texmf-dist/tex/generic/kvdefinekeys/k
vdefinekeys.sty
Package: kvdefinekeys 2019-12-19 v1.6 Define keys (HO)
)
(c:/Users/Brandon/AppData/Roaming/TinyTeX/texmf-dist/tex/generic/pdfescape/pdfe
scape.sty
Package: pdfescape 2019/12/09 v1.15 Implements pdfTeX's escape features (HO)
)
(c:/Users/Brandon/AppData/Roaming/TinyTeX/texmf-dist/tex/latex/hycolor/hycolor.
sty
Package: hycolor 2020-01-27 v1.10 Color options for hyperref/bookmark (HO)
)
(c:/Users/Brandon/AppData/Roaming/TinyTeX/texmf-dist/tex/latex/letltxmacro/letl
txmacro.sty
Package: letltxmacro 2019/12/03 v1.6 Let assignment for LaTeX macros (HO)
)
(c:/Users/Brandon/AppData/Roaming/TinyTeX/texmf-dist/tex/latex/auxhook/auxhook.
sty
Package: auxhook 2019-12-17 v1.6 Hooks for auxiliary files (HO)
)
(c:/Users/Brandon/AppData/Roaming/TinyTeX/texmf-dist/tex/latex/kvoptions/kvopti
ons.sty
Package: kvoptions 2020-10-07 v3.14 Key value format for package options (HO)
)
\@linkdim=\dimen256
\Hy@linkcounter=\count282
\Hy@pagecounter=\count283

(c:/Users/Brandon/AppData/Roaming/TinyTeX/texmf-dist/tex/latex/hyperref/pd1enc.
def
File: pd1enc.def 2021-02-27 v7.00k Hyperref: PDFDocEncoding definition (HO)
Now handling font encoding PD1 ...
... no UTF-8 mapping file for font encoding PD1
)
(c:/Users/Brandon/AppData/Roaming/TinyTeX/texmf-dist/tex/latex/hyperref/hyperre
f-langpatches.def
File: hyperref-langpatches.def 2021-02-27 v7.00k Hyperref: patches for babel la
nguages
)
(c:/Users/Brandon/AppData/Roaming/TinyTeX/texmf-dist/tex/generic/intcalc/intcal
c.sty
Package: intcalc 2019/12/15 v1.3 Expandable calculations with integers (HO)
)
(c:/Users/Brandon/AppData/Roaming/TinyTeX/texmf-dist/tex/generic/etexcmds/etexc
mds.sty
Package: etexcmds 2019/12/15 v1.7 Avoid name clashes with e-TeX commands (HO)
)
\Hy@SavedSpaceFactor=\count284

(c:/Users/Brandon/AppData/Roaming/TinyTeX/texmf-dist/tex/latex/hyperref/puenc.d
ef
File: puenc.def 2021-02-27 v7.00k Hyperref: PDF Unicode definition (HO)
Now handling font encoding PU ...
... no UTF-8 mapping file for font encoding PU
)
Package hyperref Info: Hyper figures OFF on input line 4192.
Package hyperref Info: Link nesting OFF on input line 4197.
Package hyperref Info: Hyper index ON on input line 4200.
Package hyperref Info: Plain pages OFF on input line 4207.
Package hyperref Info: Backreferencing ON on input line 4210.
Package hyperref Info: Implicit mode ON; LaTeX internals redefined.
Package hyperref Info: Bookmarks ON on input line 4445.

(c:/Users/Brandon/AppData/Roaming/TinyTeX/texmf-dist/tex/latex/hyperref/backref
.sty
Package: backref 2021/02/04 v1.41 Bibliographical back referencing

(c:/Users/Brandon/AppData/Roaming/TinyTeX/texmf-dist/tex/latex/rerunfilecheck/r
erunfilecheck.sty
Package: rerunfilecheck 2019/12/05 v1.9 Rerun checks for auxiliary files (HO)

(c:/Users/Brandon/AppData/Roaming/TinyTeX/texmf-dist/tex/latex/base/atveryend-l
tx.sty
Package: atveryend-ltx 2020/08/19 v1.0a Emulation of the original atvery packag
e
with kernel methods
)
(c:/Users/Brandon/AppData/Roaming/TinyTeX/texmf-dist/tex/generic/uniquecounter/
uniquecounter.sty
Package: uniquecounter 2019/12/15 v1.4 Provide unlimited unique counter (HO)

(c:/Users/Brandon/AppData/Roaming/TinyTeX/texmf-dist/tex/generic/bigintcalc/big
intcalc.sty
Package: bigintcalc 2019/12/15 v1.5 Expandable calculations on big integers (HO
)
))
Package uniquecounter Info: New unique counter `rerunfilecheck' on input line 2
86.
))
\c@Hy@tempcnt=\count285
LaTeX Info: Redefining \url on input line 4804.
\XeTeXLinkMargin=\dimen257

(c:/Users/Brandon/AppData/Roaming/TinyTeX/texmf-dist/tex/generic/bitset/bitset.
sty
Package: bitset 2019/12/09 v1.3 Handle bit-vector datatype (HO)
)
\Fld@menulength=\count286
\Field@Width=\dimen258
\Fld@charsize=\dimen259
Package hyperref Info: Hyper figures OFF on input line 6075.
Package hyperref Info: Link nesting OFF on input line 6080.
Package hyperref Info: Hyper index ON on input line 6083.
Package hyperref Info: backreferencing ON on input line 6088.
Package hyperref Info: Link coloring OFF on input line 6095.
Package hyperref Info: Link coloring with OCG OFF on input line 6100.
Package hyperref Info: PDF/A mode OFF on input line 6105.
LaTeX Info: Redefining \ref on input line 6145.
LaTeX Info: Redefining \pageref on input line 6149.

(c:/Users/Brandon/AppData/Roaming/TinyTeX/texmf-dist/tex/latex/base/atbegshi-lt
x.sty
Package: atbegshi-ltx 2020/08/17 v1.0a Emulation of the original atbegshi packa
ge
with kernel methods
)
\Hy@abspage=\count287
\c@Item=\count288
\c@Hfootnote=\count289
)
Package hyperref Info: Driver (autodetected): hpdftex.

(c:/Users/Brandon/AppData/Roaming/TinyTeX/texmf-dist/tex/latex/hyperref/hpdftex
.def
File: hpdftex.def 2021-02-27 v7.00k Hyperref driver for pdfTeX
\Fld@listcount=\count290
\c@bookmark@seq@number=\count291
\Hy@SectionHShift=\skip59
)
Package hyperref Info: Option `colorlinks' set `true' on input line 62.

(c:/Users/Brandon/AppData/Roaming/TinyTeX/texmf-dist/tex/latex/setspace/setspac
e.sty
Package: setspace 2011/12/19 v6.7a set line spacing
)
(c:/Users/Brandon/AppData/Roaming/TinyTeX/texmf-dist/tex/latex/titlesec/titlese
c.sty
Package: titlesec 2021/07/05 v2.14 Sectioning titles
\ttl@box=\box58
\beforetitleunit=\skip60
\aftertitleunit=\skip61
\ttl@plus=\dimen260
\ttl@minus=\dimen261
\ttl@toksa=\toks34
\titlewidth=\dimen262
\titlewidthlast=\dimen263
\titlewidthfirst=\dimen264
)
(c:/Users/Brandon/AppData/Roaming/TinyTeX/texmf-dist/tex/latex/titlesec/titleto
c.sty
Package: titletoc 2021/07/05 v2.14 TOC entries
\ttl@leftsep=\dimen265
)
(c:/Users/Brandon/AppData/Roaming/TinyTeX/texmf-dist/tex/latex/placeins/placein
s.sty
Package: placeins 2005/04/18  v 2.2
)
(c:/Users/Brandon/AppData/Roaming/TinyTeX/texmf-dist/tex/latex/natbib/natbib.st
y
Package: natbib 2010/09/13 8.31b (PWD, AO)
\bibhang=\skip62
\bibsep=\skip63
LaTeX Info: Redefining \cite on input line 694.
\c@NAT@ctr=\count292
)
(c:/Users/Brandon/AppData/Roaming/TinyTeX/texmf-dist/tex/latex/fancyvrb/fancyvr
b.sty
Package: fancyvrb 2021/01/20 v3.7 verbatim text (tvz,hv)
\FV@CodeLineNo=\count293
\FV@InFile=\read3
\FV@TabBox=\box59
\c@FancyVerbLine=\count294
\FV@StepNumber=\count295
\FV@OutFile=\write4
)
(c:/Users/Brandon/AppData/Roaming/TinyTeX/texmf-dist/tex/latex/base/alltt.sty
Package: alltt 1997/06/16 v2.0g defines alltt environment
)
(c:/Users/Brandon/AppData/Roaming/TinyTeX/texmf-dist/tex/latex/amsfonts/amsfont
s.sty
Package: amsfonts 2013/01/14 v3.01 Basic AMSFonts support
\@emptytoks=\toks35
\symAMSa=\mathgroup5
\symAMSb=\mathgroup6
LaTeX Font Info:    Redeclaring math symbol \hbar on input line 98.
LaTeX Font Info:    Overwriting math alphabet `\mathfrak' in version `bold'
(Font)                  U/euf/m/n --> U/euf/b/n on input line 106.
)
(c:/Users/Brandon/AppData/Roaming/TinyTeX/texmf-dist/tex/latex/caption/caption.
sty
Package: caption 2020/10/26 v3.5g Customizing captions (AR)

(c:/Users/Brandon/AppData/Roaming/TinyTeX/texmf-dist/tex/latex/caption/caption3
.sty
Package: caption3 2020/10/21 v2.2e caption3 kernel (AR)
\captionmargin=\dimen266
\captionmargin@=\dimen267
\captionwidth=\dimen268
\caption@tempdima=\dimen269
\caption@indent=\dimen270
\caption@parindent=\dimen271
\caption@hangindent=\dimen272
Package caption Info: Standard document class detected.
)
\c@caption@flags=\count296
\c@continuedfloat=\count297
Package caption Info: hyperref package is loaded.
)

! LaTeX Error: File `environ.sty' not found.

Type X to quit or <RETURN> to proceed,
or enter new name. (Default extension: sty)

Enter file name: 
! Emergency stop.
<read *> 
         
l.315 ^^M
         
*** (cannot \read from terminal in nonstop modes)

 
Here is how much of TeX's memory you used:
 22508 strings out of 480954
 412990 string characters out of 5905583
 723127 words of memory out of 5000000
 39401 multiletter control sequences out of 15000+600000
 404193 words of font info for 28 fonts, out of 8000000 for 9000
 14 hyphenation exceptions out of 8191
 128i,0n,131p,425b,103s stack positions out of 5000i,500n,10000p,200000b,80000s
!  ==> Fatal error occurred, no output PDF file produced!
